

times in msec
 clock   self+sourced   self:  sourced script
 clock   elapsed:              other lines

000.014  000.014: --- NVIM STARTING ---
000.153  000.139: event init
000.278  000.124: early init
000.282  000.004: locale set
000.369  000.087: init first window
000.804  000.436: inits 1
000.902  000.097: window checked
000.905  000.003: parsing arguments
002.048  000.488  000.488: require('vim.shared')
003.202  000.459  000.459: require('vim._meta')
003.205  001.152  000.693: require('vim._editor')
003.207  001.818  000.178: require('vim._init_packages')
003.215  000.492: init lua interpreter
003.577  000.362: expanding arguments
003.643  000.066: inits 2
003.946  000.302: init highlight
003.947  000.002: waiting for UI
004.681  000.734: done waiting for UI
004.688  000.007: clear screen
005.469  000.781: init default mappings & autocommands
010.328  000.686  000.686: sourcing /data/data/com.termux/files/usr/share/nvim/runtime/ftplugin.vim
010.842  000.211  000.211: sourcing /data/data/com.termux/files/usr/share/nvim/runtime/indent.vim
011.346  000.196  000.196: sourcing $VIM/sysinit.vim
012.293  000.565  000.565: require('plugins.init')
012.542  000.245  000.245: require('config.lazyConfigs')
016.309  002.160  002.160: require('lazy')
016.352  000.017  000.017: require('ffi')
016.801  000.444  000.444: require('vim.loader')
018.095  001.287  001.287: require('lazy.core.cache')
019.477  000.892  000.892: require('lazy.stats')
020.222  000.702  000.702: require('lazy.core.util')
021.028  000.801  000.801: require('lazy.core.config')
022.810  000.963  000.963: require('lazy.core.handler')
023.648  000.834  000.834: require('lazy.core.plugin')
023.721  002.689  000.892: require('lazy.core.loader')
026.853  000.623  000.623: require('lazy.core.handler.event')
026.859  001.754  001.131: require('lazy.core.handler.ft')
027.490  000.628  000.628: require('lazy.core.handler.keys')
028.119  000.623  000.623: require('lazy.core.handler.cmd')
029.928  001.326  001.326: sourcing /data/data/com.termux/files/usr/share/nvim/runtime/filetype.lua
031.158  000.456  000.456: sourcing /data/data/com.termux/files/usr/share/nvim/runtime/plugin/editorconfig.lua
031.652  000.421  000.421: sourcing /data/data/com.termux/files/usr/share/nvim/runtime/plugin/gzip.vim
031.917  000.192  000.192: sourcing /data/data/com.termux/files/usr/share/nvim/runtime/plugin/health.vim
032.445  000.459  000.459: sourcing /data/data/com.termux/files/usr/share/nvim/runtime/plugin/man.lua
033.386  000.038  000.038: require('vim.F')
034.404  000.458  000.458: sourcing /data/data/com.termux/files/usr/share/nvim/runtime/pack/dist/opt/matchit/plugin/matchit.vim
034.588  002.065  001.570: sourcing /data/data/com.termux/files/usr/share/nvim/runtime/plugin/matchit.vim
035.085  000.420  000.420: sourcing /data/data/com.termux/files/usr/share/nvim/runtime/plugin/matchparen.vim
035.808  000.646  000.646: sourcing /data/data/com.termux/files/usr/share/nvim/runtime/plugin/netrwPlugin.vim
036.368  000.460  000.460: sourcing /data/data/com.termux/files/usr/share/nvim/runtime/plugin/nvim.lua
036.975  000.510  000.510: sourcing /data/data/com.termux/files/usr/share/nvim/runtime/plugin/rplugin.vim
037.337  000.271  000.271: sourcing /data/data/com.termux/files/usr/share/nvim/runtime/plugin/shada.vim
037.647  000.206  000.206: sourcing /data/data/com.termux/files/usr/share/nvim/runtime/plugin/spellfile.vim
038.056  000.309  000.309: sourcing /data/data/com.termux/files/usr/share/nvim/runtime/plugin/tarPlugin.vim
038.491  000.339  000.339: sourcing /data/data/com.termux/files/usr/share/nvim/runtime/plugin/tohtml.vim
038.796  000.209  000.209: sourcing /data/data/com.termux/files/usr/share/nvim/runtime/plugin/tutor.vim
039.290  000.404  000.404: sourcing /data/data/com.termux/files/usr/share/nvim/runtime/plugin/zipPlugin.vim
041.135  000.084  000.084: require('vim.keymap')
041.302  000.922  000.838: require('config.mappings')
041.306  001.691  000.769: require('config')
049.169  001.865  001.865: require('base16-colorscheme')
051.738  005.038  003.173: sourcing /data/data/com.termux/files/home/.local/share/nvim/lazy/nvim-base16/colors/base16-ayu-dark.vim
051.878  040.483  012.252: sourcing /data/data/com.termux/files/home/.config/nvim/init.lua
051.903  004.858: sourcing vimrc file(s)
052.121  000.106  000.106: sourcing /data/data/com.termux/files/usr/share/nvim/runtime/filetype.lua
054.447  000.290  000.290: sourcing /data/data/com.termux/files/usr/share/nvim/runtime/syntax/synload.vim
054.559  001.117  000.827: sourcing /data/data/com.termux/files/usr/share/nvim/runtime/syntax/syntax.vim
054.583  001.457: inits 3
057.553  002.970: reading ShaDa
057.728  000.174: opening buffers
057.749  000.021: BufEnter autocommands
057.752  000.004: editing files in windows
057.867  000.115: VimEnter autocommands
057.940  000.072: UIEnter autocommands
057.943  000.003: before starting main loop
058.099  000.157: first screen update
058.101  000.002: --- NVIM STARTED ---


times in msec
 clock   self+sourced   self:  sourced script
 clock   elapsed:              other lines

000.016  000.016: --- NVIM STARTING ---
005.826  005.809: event init
010.137  004.311: early init
010.146  000.009: locale set
012.145  001.999: init first window
018.064  005.919: inits 1
018.101  000.037: window checked
018.106  000.005: parsing arguments
020.118  000.520  000.520: require('vim.shared')
021.375  000.516  000.516: require('vim._meta')
021.380  001.254  000.738: require('vim._editor')
021.382  001.976  000.202: require('vim._init_packages')
021.388  001.306: init lua interpreter
023.114  001.726: expanding arguments
023.246  000.133: inits 2
023.615  000.368: init highlight


times in msec
 clock   self+sourced   self:  sourced script
 clock   elapsed:              other lines

000.016  000.016: --- NVIM STARTING ---
000.151  000.135: event init
000.321  000.170: early init
000.337  000.016: locale set
000.514  000.177: init first window
000.957  000.443: inits 1
001.053  000.097: window checked
001.057  000.004: parsing arguments
002.236  000.489  000.489: require('vim.shared')
003.385  000.457  000.457: require('vim._meta')
003.389  001.148  000.691: require('vim._editor')
003.391  001.821  000.184: require('vim._init_packages')
003.396  000.518: init lua interpreter
003.732  000.337: expanding arguments
003.802  000.070: inits 2
004.093  000.291: init highlight
004.095  000.002: waiting for UI
004.261  000.166: done waiting for UI
004.267  000.006: clear screen
004.472  000.205: init default mappings & autocommands
005.620  000.086  000.086: sourcing /data/data/com.termux/files/usr/share/nvim/runtime/ftplugin.vim
005.702  000.040  000.040: sourcing /data/data/com.termux/files/usr/share/nvim/runtime/indent.vim
005.788  000.029  000.029: sourcing $VIM/sysinit.vim
006.224  000.305  000.305: require('plugins.init')
006.290  000.063  000.063: require('config.lazyConfigs')
007.474  001.092  001.092: require('lazy')
007.516  000.016  000.016: require('ffi')
007.950  000.430  000.430: require('vim.loader')
008.486  000.531  000.531: require('lazy.core.cache')
008.659  000.138  000.138: require('lazy.stats')
008.800  000.106  000.106: require('lazy.core.util')
008.923  000.120  000.120: require('lazy.core.config')
009.240  000.189  000.189: require('lazy.core.handler')
009.441  000.198  000.198: require('lazy.core.plugin')
009.468  000.542  000.155: require('lazy.core.loader')
010.365  000.085  000.085: require('lazy.core.handler.keys')
010.435  000.065  000.065: require('lazy.core.handler.cmd')
010.563  000.064  000.064: require('lazy.core.handler.event')
010.568  000.128  000.064: require('lazy.core.handler.ft')
011.122  000.435  000.435: sourcing /data/data/com.termux/files/usr/share/nvim/runtime/filetype.lua
011.331  000.072  000.072: sourcing /data/data/com.termux/files/usr/share/nvim/runtime/plugin/editorconfig.lua
011.581  000.209  000.209: sourcing /data/data/com.termux/files/usr/share/nvim/runtime/plugin/gzip.vim
011.637  000.012  000.012: sourcing /data/data/com.termux/files/usr/share/nvim/runtime/plugin/health.vim
011.810  000.137  000.137: sourcing /data/data/com.termux/files/usr/share/nvim/runtime/plugin/man.lua
012.104  000.035  000.035: require('vim.F')
012.419  000.169  000.169: sourcing /data/data/com.termux/files/usr/share/nvim/runtime/pack/dist/opt/matchit/plugin/matchit.vim
012.572  000.715  000.511: sourcing /data/data/com.termux/files/usr/share/nvim/runtime/plugin/matchit.vim
012.808  000.196  000.196: sourcing /data/data/com.termux/files/usr/share/nvim/runtime/plugin/matchparen.vim
013.253  000.402  000.402: sourcing /data/data/com.termux/files/usr/share/nvim/runtime/plugin/netrwPlugin.vim
013.403  000.080  000.080: sourcing /data/data/com.termux/files/usr/share/nvim/runtime/plugin/nvim.lua
013.715  000.222  000.222: sourcing /data/data/com.termux/files/usr/share/nvim/runtime/plugin/rplugin.vim
013.868  000.074  000.074: sourcing /data/data/com.termux/files/usr/share/nvim/runtime/plugin/shada.vim
013.970  000.030  000.030: sourcing /data/data/com.termux/files/usr/share/nvim/runtime/plugin/spellfile.vim
014.150  000.121  000.121: sourcing /data/data/com.termux/files/usr/share/nvim/runtime/plugin/tarPlugin.vim
014.311  000.105  000.105: sourcing /data/data/com.termux/files/usr/share/nvim/runtime/plugin/tohtml.vim
014.386  000.019  000.019: sourcing /data/data/com.termux/files/usr/share/nvim/runtime/plugin/tutor.vim
014.633  000.196  000.196: sourcing /data/data/com.termux/files/usr/share/nvim/runtime/plugin/zipPlugin.vim
015.051  000.087  000.087: require('vim.keymap')
015.190  000.300  000.213: require('config.mappings')
015.193  000.414  000.114: require('config')
018.079  000.914  000.914: require('base16-colorscheme')
020.352  003.492  002.578: sourcing /data/data/com.termux/files/home/.local/share/nvim/lazy/nvim-base16/colors/base16-ayu-dark.vim
020.508  014.683  004.130: sourcing /data/data/com.termux/files/home/.config/nvim/init.lua
020.525  001.215: sourcing vimrc file(s)
020.679  000.070  000.070: sourcing /data/data/com.termux/files/usr/share/nvim/runtime/filetype.lua
020.908  000.080  000.080: sourcing /data/data/com.termux/files/usr/share/nvim/runtime/syntax/synload.vim
020.984  000.233  000.153: sourcing /data/data/com.termux/files/usr/share/nvim/runtime/syntax/syntax.vim
020.996  000.168: inits 3
022.476  001.479: reading ShaDa
022.623  000.147: opening buffers
022.644  000.020: BufEnter autocommands
022.647  000.004: editing files in windows
022.735  000.088: VimEnter autocommands
022.788  000.053: UIEnter autocommands
022.791  000.002: before starting main loop
022.919  000.128: first screen update
022.920  000.002: --- NVIM STARTED ---


times in msec
 clock   self+sourced   self:  sourced script
 clock   elapsed:              other lines

000.023  000.023: --- NVIM STARTING ---
000.204  000.181: event init
000.407  000.203: early init
000.422  000.015: locale set
000.529  000.108: init first window
001.018  000.489: inits 1
001.041  000.022: window checked
001.049  000.008: parsing arguments
002.205  000.488  000.488: require('vim.shared')
003.440  000.471  000.471: require('vim._meta')
003.445  001.235  000.763: require('vim._editor')
003.447  001.914  000.191: require('vim._init_packages')
003.451  000.488: init lua interpreter
005.087  001.635: expanding arguments
005.173  000.087: inits 2
005.506  000.333: init highlight
